<?xml version="1.0" encoding="UTF-8"?>
<testsuite xmlns:xsi="http://www.w3.org/2001/XMLSchema-instance" xsi:noNamespaceSchemaLocation="https://maven.apache.org/surefire/maven-surefire-plugin/xsd/surefire-test-report-3.0.xsd" version="3.0" name="org.test_package.LibraryTest" time="0.127" tests="7" errors="0" skipped="0" failures="0">
  <properties>
[...]
</properties>
  <testcase name="testReturnBookNotBorrowed" classname="org.test_package.LibraryTest" time="0.05">
    <system-out><![CDATA[Book added successfully!
This book was not borrowed.
]]></system-out>
  </testcase>
  <testcase name="testAddBook" classname="org.test_package.LibraryTest" time="0.012">
    <system-out><![CDATA[Book added successfully!
]]></system-out>
  </testcase>
  <testcase name="testBorrowBookAvailable" classname="org.test_package.LibraryTest" time="0.003">
    <system-out><![CDATA[Book added successfully!
You have borrowed: Test Book
]]></system-out>
  </testcase>
  <testcase name="testBorrowBookNotFound" classname="org.test_package.LibraryTest" time="0.003">
    <system-out><![CDATA[Book with ISBN 99999 not found.
]]></system-out>
  </testcase>
  <testcase name="testBorrowBookNotAvailable" classname="org.test_package.LibraryTest" time="0.002">
    <system-out><![CDATA[Book added successfully!
You have borrowed: Test Book
The book is currently unavailable.
]]></system-out>
  </testcase>
  <testcase name="testReturnBook" classname="org.test_package.LibraryTest" time="0.002">
    <system-out><![CDATA[Book added successfully!
You have borrowed: Test Book
You have returned: Test Book
]]></system-out>
  </testcase>
  <testcase name="testViewAvailableBooks" classname="org.test_package.LibraryTest" time="0.004">
    <system-out><![CDATA[Book added successfully!
Book added successfully!
You have borrowed: Test Book 1
]]></system-out>
  </testcase>
</testsuite>